<?xml version="1.0" encoding="UTF-8"?>
<testng-results ignored="0" total="1" passed="1" failed="0" skipped="0">
  <reporter-output>
    <line>
      <![CDATA[UI Attendee Count for Event AI Automation Testing : 2]]>
    </line>
    <line>
      <![CDATA[DB Attendee Countfor Event AI Automation Testing : 2]]>
    </line>
    <line>
      <![CDATA[Attendee Kajal Rokade (kajal.jr@metapercept.com) registered for event 'AI Automation Testing' is present in the database.]]>
    </line>
    <line>
      <![CDATA[Attendee Ashish Gupta (ashish.kg@metapercept.com) registered for event 'AI Automation Testing' is present in the database.]]>
    </line>
  </reporter-output>
  <suite started-at="2025-06-30T13:02:37 IST" name="Default suite" finished-at="2025-06-30T13:02:48 IST" duration-ms="11180">
    <groups>
    </groups>
    <test started-at="2025-06-30T13:02:37 IST" name="Default test" finished-at="2025-06-30T13:02:48 IST" duration-ms="11180">
      <class name="validLoginTesting.ConferenceAttendeeValidation">
        <test-method is-config="true" signature="preCondition()[pri:0, instance:validLoginTesting.ConferenceAttendeeValidation@4988d8b8]" started-at="2025-06-30T13:02:37 IST" name="preCondition" finished-at="2025-06-30T13:02:43 IST" duration-ms="6303" status="PASS">
          <reporter-output>
          </reporter-output>
        </test-method> <!-- preCondition -->
        <test-method signature="conferenceAttendeeValidationTest()[pri:0, instance:validLoginTesting.ConferenceAttendeeValidation@4988d8b8]" started-at="2025-06-30T13:02:43 IST" name="conferenceAttendeeValidationTest" finished-at="2025-06-30T13:02:48 IST" duration-ms="4814" status="PASS">
          <reporter-output>
            <line>
              <![CDATA[UI Attendee Count for Event AI Automation Testing : 2]]>
            </line>
            <line>
              <![CDATA[DB Attendee Countfor Event AI Automation Testing : 2]]>
            </line>
            <line>
              <![CDATA[Attendee Kajal Rokade (kajal.jr@metapercept.com) registered for event 'AI Automation Testing' is present in the database.]]>
            </line>
            <line>
              <![CDATA[Attendee Ashish Gupta (ashish.kg@metapercept.com) registered for event 'AI Automation Testing' is present in the database.]]>
            </line>
          </reporter-output>
        </test-method> <!-- conferenceAttendeeValidationTest -->
      </class> <!-- validLoginTesting.ConferenceAttendeeValidation -->
    </test> <!-- Default test -->
  </suite> <!-- Default suite -->
</testng-results>
